生成启动时间为 2019/8/15 11:50:36。
     1>项目“D:\代码\DS_SList\DS_SList\DS_SList.vcxproj”在节点 2 上(Build 个目标)。
     1>ClCompile:
         D:\Program Files (x86)\Microsoft Visual Studio 12.0\VC\bin\CL.exe /c /ZI /nologo /W3 /WX- /sdl /Od /Oy- /D _MBCS /Gm /EHsc /RTC1 /MDd /GS /fp:precise /Zc:wchar_t /Zc:forScope /Fo"Debug\\" /Fd"Debug\vc120.pdb" /Gd /TC /analyze- /errorReport:prompt main.c slist.c
         slist.c
     1>d:\代码\ds_slist\ds_slist\slist.c(9): warning C4028: 形参 1 与声明不同
     1>d:\代码\ds_slist\ds_slist\slist.c(14): warning C4013: “free”未定义；假设外部返回 int
     1>d:\代码\ds_slist\ds_slist\slist.c(18): warning C4013: “malloc”未定义；假设外部返回 int
     1>d:\代码\ds_slist\ds_slist\slist.c(34): warning C4098: “SListPopFront”:“void”函数返回值
     1>d:\代码\ds_slist\ds_slist\slist.c(65): warning C4098: “SListEraseAfter”:“void”函数返回值
         main.c
     1>d:\代码\ds_slist\ds_slist\main.c(6): warning C4047: “函数”:“SList *”与“SList **”的间接级别不同
     1>d:\代码\ds_slist\ds_slist\main.c(6): warning C4024: “SListInit”: 形参和实参 1 的类型不同
     1>d:\代码\ds_slist\ds_slist\main.c(26): warning C4047: “函数”:“SList *”与“SList **”的间接级别不同
     1>d:\代码\ds_slist\ds_slist\main.c(26): warning C4024: “SListDestory”: 形参和实参 1 的类型不同
         正在生成代码...
       Link:
         D:\Program Files (x86)\Microsoft Visual Studio 12.0\VC\bin\link.exe /ERRORREPORT:PROMPT /OUT:"D:\代码\DS_SList\Debug\DS_SList.exe" /INCREMENTAL /NOLOGO kernel32.lib user32.lib gdi32.lib winspool.lib comdlg32.lib advapi32.lib shell32.lib ole32.lib oleaut32.lib uuid.lib odbc32.lib odbccp32.lib /MANIFEST /MANIFESTUAC:"level='asInvoker' uiAccess='false'" /manifest:embed /DEBUG /PDB:"D:\代码\DS_SList\Debug\DS_SList.pdb" /TLBID:1 /DYNAMICBASE /NXCOMPAT /IMPLIB:"D:\代码\DS_SList\Debug\DS_SList.lib" /MACHINE:X86 Debug\main.obj
         Debug\slist.obj
         DS_SList.vcxproj -> D:\代码\DS_SList\Debug\DS_SList.exe
     1>已完成生成项目“D:\代码\DS_SList\DS_SList\DS_SList.vcxproj”(Build 个目标)的操作。

生成成功。

已用时间 00:00:00.52
