生成启动时间为 2019/7/27 23:38:13。
     1>项目“D:\github\C_language\DS_SeqList\SeqList\SeqList.vcxproj”在节点 2 上(Build 个目标)。
     1>ClCompile:
         D:\Program Files (x86)\Microsoft Visual Studio 12.0\VC\bin\CL.exe /c /ZI /nologo /W3 /WX- /sdl /Od /Oy- /D _MBCS /Gm /EHsc /RTC1 /MDd /GS /fp:precise /Zc:wchar_t /Zc:forScope /Fo"Debug\\" /Fd"Debug\vc120.pdb" /Gd /TC /analyze- /errorReport:prompt main.c seqlist.c
         seqlist.c
     1>d:\github\c_language\ds_seqlist\seqlist\seqlist.c(6): warning C4013: “calloc”未定义；假设外部返回 int
     1>d:\github\c_language\ds_seqlist\seqlist\seqlist.c(6): warning C4133: “=”: 从“SeqList *”到“SLDataType *”的类型不兼容
     1>d:\github\c_language\ds_seqlist\seqlist\seqlist.c(16): warning C4013: “free”未定义；假设外部返回 int
     1>d:\github\c_language\ds_seqlist\seqlist\seqlist.c(24): warning C4013: “realloc”未定义；假设外部返回 int
     1>d:\github\c_language\ds_seqlist\seqlist\seqlist.c(24): warning C4133: “=”: 从“SeqList *”到“SLDataType *”的类型不兼容
     1>d:\github\c_language\ds_seqlist\seqlist\seqlist.c(51): warning C4018: “<”: 有符号/无符号不匹配
     1>d:\github\c_language\ds_seqlist\seqlist\seqlist.c(61): warning C4018: “<”: 有符号/无符号不匹配
     1>d:\github\c_language\ds_seqlist\seqlist\seqlist.c(74): warning C4018: “>=”: 有符号/无符号不匹配
     1>d:\github\c_language\ds_seqlist\seqlist\seqlist.c(86): warning C4018: “<”: 有符号/无符号不匹配
     1>d:\github\c_language\ds_seqlist\seqlist\seqlist.c(113): warning C4018: “<”: 有符号/无符号不匹配
     1>d:\github\c_language\ds_seqlist\seqlist\seqlist.c(123): warning C4018: “<”: 有符号/无符号不匹配
     1>d:\github\c_language\ds_seqlist\seqlist\seqlist.c(125): warning C4018: “<”: 有符号/无符号不匹配
     1>d:\github\c_language\ds_seqlist\seqlist\seqlist.c(149): fatal error C1075: 与左侧的 大括号“{”(位于“d:\github\c_language\ds_seqlist\seqlist\seqlist.c(137)”)匹配之前遇到文件结束
         main.c
         正在生成代码...
     1>已完成生成项目“D:\github\C_language\DS_SeqList\SeqList\SeqList.vcxproj”(Build 个目标)的操作 - 失败。

生成失败。

已用时间 00:00:00.21
